{
  "RSpec": {
    "coverage": {
      "/Users/keithjohnson/projects/Appointments/config/environment.rb": [
        null,
        1,
        null,
        null,
        1
      ],
      "/Users/keithjohnson/projects/Appointments/config/application.rb": [
        1,
        null,
        null,
        1,
        1,
        1,
        1,
        1,
        null,
        null,
        1,
        null,
        1,
        null,
        null,
        null,
        null,
        1,
        1,
        null,
        null,
        null,
        null,
        null,
        null,
        null,
        null,
        null,
        null,
        null,
        null,
        null,
        null,
        null,
        null,
        null,
        null,
        null,
        null,
        null,
        null,
        null,
        1,
        null,
        null,
        1,
        null,
        null,
        1,
        null,
        null,
        null,
        null,
        null,
        null,
        null,
        null,
        null,
        null,
        1,
        null,
        null,
        1,
        null,
        null,
        1,
        null,
        null
      ],
      "/Users/keithjohnson/projects/Appointments/config/boot.rb": [
        1,
        null,
        null,
        1,
        null,
        1
      ],
      "/Users/keithjohnson/projects/Appointments/config/environments/test.rb": [
        1,
        null,
        null,
        null,
        null,
        null,
        null,
        1,
        null,
        null,
        1,
        1,
        null,
        null,
        1,
        null,
        null,
        1,
        1,
        null,
        null,
        1,
        null,
        null,
        1,
        null,
        null,
        null,
        null,
        1,
        null,
        null,
        1,
        null,
        null,
        1,
        null
      ],
      "/Users/keithjohnson/projects/Appointments/config/initializers/backtrace_silencers.rb": [
        null,
        null,
        null,
        null,
        null,
        null,
        null
      ],
      "/Users/keithjohnson/projects/Appointments/config/initializers/inflections.rb": [
        null,
        null,
        null,
        null,
        null,
        null,
        null,
        null,
        null,
        null,
        null,
        null,
        null,
        null,
        null
      ],
      "/Users/keithjohnson/projects/Appointments/config/initializers/mime_types.rb": [
        null,
        null,
        null,
        null,
        null
      ],
      "/Users/keithjohnson/projects/Appointments/config/initializers/secret_token.rb": [
        null,
        null,
        null,
        null,
        null,
        null,
        1
      ],
      "/Users/keithjohnson/projects/Appointments/config/initializers/session_store.rb": [
        null,
        null,
        1,
        null,
        null,
        null,
        null,
        null
      ],
      "/Users/keithjohnson/projects/Appointments/config/initializers/wrap_parameters.rb": [
        null,
        null,
        null,
        null,
        null,
        null,
        1,
        1,
        null,
        null,
        null,
        1,
        1,
        null
      ],
      "/Users/keithjohnson/projects/Appointments/app/controllers/application_controller.rb": [
        1,
        1,
        null
      ],
      "/Users/keithjohnson/projects/Appointments/app/helpers/application_helper.rb": [
        1,
        null
      ],
      "/Users/keithjohnson/projects/Appointments/app/helpers/people_helper.rb": [
        1,
        null
      ],
      "/Users/keithjohnson/projects/Appointments/app/helpers/teams_helper.rb": [
        1,
        null
      ],
      "/Users/keithjohnson/projects/Appointments/app/controllers/people_controller.rb": [
        1,
        null,
        null,
        1,
        0,
        null,
        0,
        0,
        0,
        null,
        null,
        null,
        null,
        null,
        null,
        1,
        0,
        null,
        0,
        0,
        0,
        null,
        null,
        null,
        null,
        null,
        1,
        0,
        null,
        0,
        0,
        0,
        null,
        null,
        null,
        null,
        1,
        0,
        null,
        null,
        null,
        null,
        1,
        null,
        0,
        0,
        0,
        null,
        null,
        0,
        0,
        null,
        null,
        0,
        0,
        0,
        0,
        null,
        0,
        0,
        null,
        null,
        null,
        null,
        null,
        null,
        1,
        0,
        null,
        0,
        0,
        0,
        0,
        null,
        0,
        0,
        null,
        null,
        null,
        null,
        null,
        null,
        1,
        0,
        0,
        null,
        0,
        0,
        0,
        null,
        null,
        null
      ],
      "/Users/keithjohnson/projects/Appointments/app/models/person.rb": [
        1,
        1,
        null,
        1,
        1,
        1,
        null
      ],
      "/Users/keithjohnson/projects/Appointments/app/controllers/teams_controller.rb": [
        1,
        null,
        1,
        0,
        0,
        0,
        null,
        0,
        0,
        0,
        null,
        null,
        null,
        1,
        null,
        null,
        null,
        1,
        0,
        0,
        null,
        0,
        0,
        0,
        0,
        null,
        null,
        null,
        null,
        1,
        0,
        null,
        0,
        0,
        0,
        null,
        null,
        null,
        1,
        null,
        0,
        0,
        0,
        null,
        null,
        1,
        0,
        0,
        0,
        null,
        0,
        null,
        null,
        1,
        0,
        null,
        null,
        null,
        1,
        0,
        null,
        0,
        0,
        0,
        0,
        null,
        0,
        0,
        null,
        null,
        null,
        null,
        null,
        1,
        0,
        null,
        0,
        0,
        0,
        0,
        null,
        0,
        0,
        null,
        null,
        null,
        null,
        1,
        0,
        0,
        null,
        0,
        0,
        0,
        null,
        null,
        null
      ],
      "/Users/keithjohnson/projects/Appointments/app/models/team.rb": [
        1,
        1,
        null,
        1,
        1,
        null,
        1,
        1,
        1,
        1,
        1,
        null,
        4,
        4,
        null,
        4,
        null,
        2,
        null,
        null,
        2,
        null,
        4,
        null,
        null,
        4,
        2,
        null,
        2,
        null,
        null,
        2,
        2,
        null,
        null,
        null,
        null,
        null,
        null,
        null
      ],
      "/Users/keithjohnson/projects/Appointments/app/mailers/one_on_one.rb": [
        1,
        1,
        null,
        null,
        null,
        1,
        2,
        null,
        4,
        2,
        2,
        2,
        null,
        2,
        2,
        2,
        null,
        null,
        null,
        null,
        null,
        null
      ],
      "/Users/keithjohnson/projects/Appointments/app/models/membership.rb": [
        1,
        1,
        null,
        1,
        1,
        null,
        1,
        0,
        0,
        0,
        null,
        null,
        null,
        null,
        null
      ],
      "/Users/keithjohnson/projects/Appointments/app/models/pairing.rb": [
        1,
        1,
        null,
        1,
        null,
        null
      ],
      "/Users/keithjohnson/projects/Appointments/config/routes.rb": [
        1,
        1,
        null,
        null,
        1,
        null,
        1,
        1,
        null,
        null,
        null,
        null,
        null,
        null,
        null,
        null,
        null,
        null,
        null,
        null,
        null,
        null,
        null,
        null,
        null,
        null,
        null,
        null,
        null,
        null,
        null,
        null,
        null,
        null,
        null,
        null,
        null,
        null,
        null,
        null,
        null,
        null,
        null,
        null,
        null,
        null,
        null,
        null,
        null,
        null,
        null,
        null,
        null,
        null,
        null,
        null,
        null,
        null,
        null,
        1,
        null,
        null,
        null,
        null,
        null,
        null,
        null
      ],
      "/Users/keithjohnson/projects/Appointments/spec/support/blueprints.rb": [
        1,
        null,
        null,
        null,
        null,
        null,
        null,
        null,
        null,
        null,
        1,
        4,
        null,
        null,
        1,
        16,
        16,
        null
      ]
    },
    "timestamp": 1372275026
  }
}
